<?xml version="1.0" encoding="UTF-8" ?>
<testsuite failures="0" time="5.031" errors="0" skipped="0" tests="1" name="com.cengage.qa.assignment.smoketests.HomePageTest">
  <properties>
    <property name="java.runtime.name" value="Java(TM) SE Runtime Environment"/>
    <property name="sun.boot.library.path" value="C:\Program Files\Java\jre7\bin"/>
    <property name="java.vm.version" value="21.1-b02"/>
    <property name="java.vm.vendor" value="Oracle Corporation"/>
    <property name="java.vendor.url" value="http://java.oracle.com/"/>
    <property name="path.separator" value=";"/>
    <property name="java.vm.name" value="Java HotSpot(TM) 64-Bit Server VM"/>
    <property name="file.encoding.pkg" value="sun.io"/>
    <property name="user.script" value=""/>
    <property name="env" value="dev"/>
    <property name="user.country" value="US"/>
    <property name="sun.java.launcher" value="SUN_STANDARD"/>
    <property name="sun.os.patch.level" value="Service Pack 1"/>
    <property name="java.vm.specification.name" value="Java Virtual Machine Specification"/>
    <property name="user.dir" value="C:\github\Coding-Exercise"/>
    <property name="java.runtime.version" value="1.7.0_01-b08"/>
    <property name="java.awt.graphicsenv" value="sun.awt.Win32GraphicsEnvironment"/>
    <property name="basedir" value="C:\github\Coding-Exercise"/>
    <property name="java.endorsed.dirs" value="C:\Program Files\Java\jre7\lib\endorsed"/>
    <property name="os.arch" value="amd64"/>
    <property name="surefire.real.class.path" value="C:\github\Coding-Exercise\target\surefire\surefirebooter4348622399180601127.jar"/>
    <property name="java.io.tmpdir" value="C:\Users\jbishop\AppData\Local\Temp\"/>
    <property name="line.separator" value="
"/>
    <property name="java.vm.specification.vendor" value="Oracle Corporation"/>
    <property name="user.variant" value=""/>
    <property name="os.name" value="Windows 7"/>
    <property name="sun.jnu.encoding" value="Cp1252"/>
    <property name="java.library.path" value="C:\Program Files\Java\jre7\bin;C:\windows\Sun\Java\bin;C:\windows\system32;C:\windows;C:\Ruby193\bin;C:\RubyDevKit\bin;C:\windows\system32;C:\windows;C:\windows\System32\Wbem;C:\windows\System32\WindowsPowerShell\v1.0\;C:\Program Files (x86)\jZip;C:\Program Files (x86)\QuickTime\QTSystem\;C:\apache-maven-2.2.1\bin;&quot;C:\Program Files (x86)\Mozilla Firefox&quot;;&quot;C:\Program Files (x86)\Safari&quot;;C:\Program Files (x86)\Git\cmd;."/>
    <property name="surefire.test.class.path" value="C:\github\Coding-Exercise\target\test-classes;C:\github\Coding-Exercise\target\classes;C:\Users\jbishop\.m2\repository\commons-lang\commons-lang\2.5\commons-lang-2.5.jar;C:\Users\jbishop\.m2\repository\commons-collections\commons-collections\3.2.1\commons-collections-3.2.1.jar;C:\Users\jbishop\.m2\repository\commons-io\commons-io\1.4\commons-io-1.4.jar;C:\Users\jbishop\.m2\repository\dom4j\dom4j\1.6.1\dom4j-1.6.1.jar;C:\Users\jbishop\.m2\repository\xml-apis\xml-apis\1.0.b2\xml-apis-1.0.b2.jar;C:\Users\jbishop\.m2\repository\org\hamcrest\hamcrest-all\1.1\hamcrest-all-1.1.jar;C:\Users\jbishop\.m2\repository\org\seleniumhq\selenium\selenium-java\2.24.1\selenium-java-2.24.1.jar;C:\Users\jbishop\.m2\repository\org\seleniumhq\selenium\selenium-android-driver\2.24.1\selenium-android-driver-2.24.1.jar;C:\Users\jbishop\.m2\repository\org\seleniumhq\selenium\selenium-remote-driver\2.24.1\selenium-remote-driver-2.24.1.jar;C:\Users\jbishop\.m2\repository\cglib\cglib-nodep\2.1_3\cglib-nodep-2.1_3.jar;C:\Users\jbishop\.m2\repository\org\json\json\20080701\json-20080701.jar;C:\Users\jbishop\.m2\repository\com\google\guava\guava\12.0\guava-12.0.jar;C:\Users\jbishop\.m2\repository\com\google\code\findbugs\jsr305\1.3.9\jsr305-1.3.9.jar;C:\Users\jbishop\.m2\repository\org\seleniumhq\selenium\selenium-chrome-driver\2.24.1\selenium-chrome-driver-2.24.1.jar;C:\Users\jbishop\.m2\repository\org\seleniumhq\selenium\selenium-htmlunit-driver\2.24.1\selenium-htmlunit-driver-2.24.1.jar;C:\Users\jbishop\.m2\repository\org\seleniumhq\selenium\selenium-api\2.24.1\selenium-api-2.24.1.jar;C:\Users\jbishop\.m2\repository\net\sourceforge\htmlunit\htmlunit\2.9\htmlunit-2.9.jar;C:\Users\jbishop\.m2\repository\org\apache\httpcomponents\httpmime\4.1.2\httpmime-4.1.2.jar;C:\Users\jbishop\.m2\repository\commons-codec\commons-codec\1.4\commons-codec-1.4.jar;C:\Users\jbishop\.m2\repository\net\sourceforge\htmlunit\htmlunit-core-js\2.9\htmlunit-core-js-2.9.jar;C:\Users\jbishop\.m2\repository\net\sourceforge\nekohtml\nekohtml\1.9.15\nekohtml-1.9.15.jar;C:\Users\jbishop\.m2\repository\net\sourceforge\cssparser\cssparser\0.9.5\cssparser-0.9.5.jar;C:\Users\jbishop\.m2\repository\org\w3c\css\sac\1.3\sac-1.3.jar;C:\Users\jbishop\.m2\repository\commons-logging\commons-logging\1.1.1\commons-logging-1.1.1.jar;C:\Users\jbishop\.m2\repository\org\apache\httpcomponents\httpclient\4.1.2\httpclient-4.1.2.jar;C:\Users\jbishop\.m2\repository\org\apache\httpcomponents\httpcore\4.1.2\httpcore-4.1.2.jar;C:\Users\jbishop\.m2\repository\org\seleniumhq\selenium\selenium-firefox-driver\2.24.1\selenium-firefox-driver-2.24.1.jar;C:\Users\jbishop\.m2\repository\org\apache\commons\commons-exec\1.1\commons-exec-1.1.jar;C:\Users\jbishop\.m2\repository\org\seleniumhq\selenium\selenium-ie-driver\2.24.1\selenium-ie-driver-2.24.1.jar;C:\Users\jbishop\.m2\repository\net\java\dev\jna\jna\3.4.0\jna-3.4.0.jar;C:\Users\jbishop\.m2\repository\net\java\dev\jna\platform\3.4.0\platform-3.4.0.jar;C:\Users\jbishop\.m2\repository\org\seleniumhq\selenium\selenium-iphone-driver\2.24.1\selenium-iphone-driver-2.24.1.jar;C:\Users\jbishop\.m2\repository\org\seleniumhq\selenium\selenium-safari-driver\2.24.1\selenium-safari-driver-2.24.1.jar;C:\Users\jbishop\.m2\repository\org\seleniumhq\selenium\selenium-support\2.24.1\selenium-support-2.24.1.jar;C:\Users\jbishop\.m2\repository\org\webbitserver\webbit\0.4.6\webbit-0.4.6.jar;C:\Users\jbishop\.m2\repository\org\jboss\netty\netty\3.2.7.Final\netty-3.2.7.Final.jar;C:\Users\jbishop\.m2\repository\junit\junit\4.7\junit-4.7.jar;C:\Users\jbishop\.m2\repository\net\sf\opencsv\opencsv\2.0\opencsv-2.0.jar;C:\Users\jbishop\.m2\repository\jaxen\jaxen\1.1.1\jaxen-1.1.1.jar;C:\Users\jbishop\.m2\repository\jdom\jdom\1.0\jdom-1.0.jar;C:\Users\jbishop\.m2\repository\xerces\xercesImpl\2.6.2\xercesImpl-2.6.2.jar;C:\Users\jbishop\.m2\repository\xom\xom\1.0\xom-1.0.jar;C:\Users\jbishop\.m2\repository\xerces\xmlParserAPIs\2.6.2\xmlParserAPIs-2.6.2.jar;C:\Users\jbishop\.m2\repository\xalan\xalan\2.6.0\xalan-2.6.0.jar;C:\Users\jbishop\.m2\repository\com\ibm\icu\icu4j\2.6.1\icu4j-2.6.1.jar;"/>
    <property name="java.specification.name" value="Java Platform API Specification"/>
    <property name="java.class.version" value="51.0"/>
    <property name="sun.management.compiler" value="HotSpot 64-Bit Tiered Compilers"/>
    <property name="os.version" value="6.1"/>
    <property name="user.home" value="C:\Users\jbishop"/>
    <property name="user.timezone" value=""/>
    <property name="java.awt.printerjob" value="sun.awt.windows.WPrinterJob"/>
    <property name="java.specification.version" value="1.7"/>
    <property name="file.encoding" value="Cp1252"/>
    <property name="user.name" value="jbishop"/>
    <property name="java.class.path" value="C:\github\Coding-Exercise\target\test-classes;C:\github\Coding-Exercise\target\classes;C:\Users\jbishop\.m2\repository\commons-lang\commons-lang\2.5\commons-lang-2.5.jar;C:\Users\jbishop\.m2\repository\commons-collections\commons-collections\3.2.1\commons-collections-3.2.1.jar;C:\Users\jbishop\.m2\repository\commons-io\commons-io\1.4\commons-io-1.4.jar;C:\Users\jbishop\.m2\repository\dom4j\dom4j\1.6.1\dom4j-1.6.1.jar;C:\Users\jbishop\.m2\repository\xml-apis\xml-apis\1.0.b2\xml-apis-1.0.b2.jar;C:\Users\jbishop\.m2\repository\org\hamcrest\hamcrest-all\1.1\hamcrest-all-1.1.jar;C:\Users\jbishop\.m2\repository\org\seleniumhq\selenium\selenium-java\2.24.1\selenium-java-2.24.1.jar;C:\Users\jbishop\.m2\repository\org\seleniumhq\selenium\selenium-android-driver\2.24.1\selenium-android-driver-2.24.1.jar;C:\Users\jbishop\.m2\repository\org\seleniumhq\selenium\selenium-remote-driver\2.24.1\selenium-remote-driver-2.24.1.jar;C:\Users\jbishop\.m2\repository\cglib\cglib-nodep\2.1_3\cglib-nodep-2.1_3.jar;C:\Users\jbishop\.m2\repository\org\json\json\20080701\json-20080701.jar;C:\Users\jbishop\.m2\repository\com\google\guava\guava\12.0\guava-12.0.jar;C:\Users\jbishop\.m2\repository\com\google\code\findbugs\jsr305\1.3.9\jsr305-1.3.9.jar;C:\Users\jbishop\.m2\repository\org\seleniumhq\selenium\selenium-chrome-driver\2.24.1\selenium-chrome-driver-2.24.1.jar;C:\Users\jbishop\.m2\repository\org\seleniumhq\selenium\selenium-htmlunit-driver\2.24.1\selenium-htmlunit-driver-2.24.1.jar;C:\Users\jbishop\.m2\repository\org\seleniumhq\selenium\selenium-api\2.24.1\selenium-api-2.24.1.jar;C:\Users\jbishop\.m2\repository\net\sourceforge\htmlunit\htmlunit\2.9\htmlunit-2.9.jar;C:\Users\jbishop\.m2\repository\org\apache\httpcomponents\httpmime\4.1.2\httpmime-4.1.2.jar;C:\Users\jbishop\.m2\repository\commons-codec\commons-codec\1.4\commons-codec-1.4.jar;C:\Users\jbishop\.m2\repository\net\sourceforge\htmlunit\htmlunit-core-js\2.9\htmlunit-core-js-2.9.jar;C:\Users\jbishop\.m2\repository\net\sourceforge\nekohtml\nekohtml\1.9.15\nekohtml-1.9.15.jar;C:\Users\jbishop\.m2\repository\net\sourceforge\cssparser\cssparser\0.9.5\cssparser-0.9.5.jar;C:\Users\jbishop\.m2\repository\org\w3c\css\sac\1.3\sac-1.3.jar;C:\Users\jbishop\.m2\repository\commons-logging\commons-logging\1.1.1\commons-logging-1.1.1.jar;C:\Users\jbishop\.m2\repository\org\apache\httpcomponents\httpclient\4.1.2\httpclient-4.1.2.jar;C:\Users\jbishop\.m2\repository\org\apache\httpcomponents\httpcore\4.1.2\httpcore-4.1.2.jar;C:\Users\jbishop\.m2\repository\org\seleniumhq\selenium\selenium-firefox-driver\2.24.1\selenium-firefox-driver-2.24.1.jar;C:\Users\jbishop\.m2\repository\org\apache\commons\commons-exec\1.1\commons-exec-1.1.jar;C:\Users\jbishop\.m2\repository\org\seleniumhq\selenium\selenium-ie-driver\2.24.1\selenium-ie-driver-2.24.1.jar;C:\Users\jbishop\.m2\repository\net\java\dev\jna\jna\3.4.0\jna-3.4.0.jar;C:\Users\jbishop\.m2\repository\net\java\dev\jna\platform\3.4.0\platform-3.4.0.jar;C:\Users\jbishop\.m2\repository\org\seleniumhq\selenium\selenium-iphone-driver\2.24.1\selenium-iphone-driver-2.24.1.jar;C:\Users\jbishop\.m2\repository\org\seleniumhq\selenium\selenium-safari-driver\2.24.1\selenium-safari-driver-2.24.1.jar;C:\Users\jbishop\.m2\repository\org\seleniumhq\selenium\selenium-support\2.24.1\selenium-support-2.24.1.jar;C:\Users\jbishop\.m2\repository\org\webbitserver\webbit\0.4.6\webbit-0.4.6.jar;C:\Users\jbishop\.m2\repository\org\jboss\netty\netty\3.2.7.Final\netty-3.2.7.Final.jar;C:\Users\jbishop\.m2\repository\junit\junit\4.7\junit-4.7.jar;C:\Users\jbishop\.m2\repository\net\sf\opencsv\opencsv\2.0\opencsv-2.0.jar;C:\Users\jbishop\.m2\repository\jaxen\jaxen\1.1.1\jaxen-1.1.1.jar;C:\Users\jbishop\.m2\repository\jdom\jdom\1.0\jdom-1.0.jar;C:\Users\jbishop\.m2\repository\xerces\xercesImpl\2.6.2\xercesImpl-2.6.2.jar;C:\Users\jbishop\.m2\repository\xom\xom\1.0\xom-1.0.jar;C:\Users\jbishop\.m2\repository\xerces\xmlParserAPIs\2.6.2\xmlParserAPIs-2.6.2.jar;C:\Users\jbishop\.m2\repository\xalan\xalan\2.6.0\xalan-2.6.0.jar;C:\Users\jbishop\.m2\repository\com\ibm\icu\icu4j\2.6.1\icu4j-2.6.1.jar;"/>
    <property name="java.vm.specification.version" value="1.7"/>
    <property name="sun.arch.data.model" value="64"/>
    <property name="java.home" value="C:\Program Files\Java\jre7"/>
    <property name="sun.java.command" value="C:\github\Coding-Exercise\target\surefire\surefirebooter4348622399180601127.jar C:\github\Coding-Exercise\target\surefire\surefire4406918376583847055tmp C:\github\Coding-Exercise\target\surefire\surefire1439573577390072147tmp"/>
    <property name="java.specification.vendor" value="Oracle Corporation"/>
    <property name="user.language" value="en"/>
    <property name="awt.toolkit" value="sun.awt.windows.WToolkit"/>
    <property name="java.vm.info" value="mixed mode"/>
    <property name="java.version" value="1.7.0_01"/>
    <property name="java.ext.dirs" value="C:\Program Files\Java\jre7\lib\ext;C:\windows\Sun\Java\lib\ext"/>
    <property name="sun.boot.class.path" value="C:\Program Files\Java\jre7\lib\resources.jar;C:\Program Files\Java\jre7\lib\rt.jar;C:\Program Files\Java\jre7\lib\sunrsasign.jar;C:\Program Files\Java\jre7\lib\jsse.jar;C:\Program Files\Java\jre7\lib\jce.jar;C:\Program Files\Java\jre7\lib\charsets.jar;C:\Program Files\Java\jre7\classes"/>
    <property name="java.vendor" value="Oracle Corporation"/>
    <property name="localRepository" value="C:\Users\jbishop\.m2\repository"/>
    <property name="file.separator" value="\"/>
    <property name="java.vendor.url.bug" value="http://bugreport.sun.com/bugreport/"/>
    <property name="sun.cpu.endian" value="little"/>
    <property name="sun.io.unicode.encoding" value="UnicodeLittle"/>
    <property name="sun.desktop" value="windows"/>
    <property name="sun.cpu.isalist" value="amd64"/>
  </properties>
  <testcase time="5.031" classname="com.cengage.qa.assignment.smoketests.HomePageTest" name="verifyHomePageContainsCorrectDisplayElements"/>
</testsuite>